<?xml version="1.0" encoding="UTF-8"?>
<!-- Generated by org.testng.reporters.JUnitXMLReporter -->
<testsuite ignored="0" hostname="LAPTOP-R0TTQOIV" failures="0" tests="5" name="Surefire test" time="0.029" errors="0" timestamp="2024-04-10T00:40:55 ICT">
  <testcase classname="com.polypro.dao.ChuyenDeDAONGTest" name="testDelete" time="0.004"/>
  <testcase classname="com.polypro.dao.ChuyenDeDAONGTest" name="testFindById" time="0.0"/>
  <testcase classname="com.polypro.dao.ChuyenDeDAONGTest" name="testInsert" time="0.0"/>
  <testcase classname="com.polypro.dao.ChuyenDeDAONGTest" name="testSelect" time="0.0"/>
  <testcase classname="com.polypro.dao.ChuyenDeDAONGTest" name="testUpdate" time="0.0"/>
</testsuite> <!-- Surefire test -->
