<?xml version="1.0" encoding="UTF-8"?>
<testsuite xmlns:xsi="http://www.w3.org/2001/XMLSchema-instance" xsi:noNamespaceSchemaLocation="https://maven.apache.org/surefire/maven-surefire-plugin/xsd/surefire-test-report-3.0.xsd" version="3.0" name="com.polypro.dao.ChuyenDeDAONGTest" time="0.265" tests="5" errors="0" skipped="0" failures="0">
  <properties>
[...]
</properties>
  <testcase name="testDelete" classname="com.polypro.dao.ChuyenDeDAONGTest" time="0.004"/>
  <testcase name="testFindById" classname="com.polypro.dao.ChuyenDeDAONGTest" time="0"/>
  <testcase name="testInsert" classname="com.polypro.dao.ChuyenDeDAONGTest" time="0.001"/>
  <testcase name="testSelect" classname="com.polypro.dao.ChuyenDeDAONGTest" time="0"/>
  <testcase name="testUpdate" classname="com.polypro.dao.ChuyenDeDAONGTest" time="0"/>
</testsuite>